{"total": {"lines":{"total":70356,"covered":0,"skipped":0,"pct":0},"statements":{"total":70356,"covered":0,"skipped":0,"pct":0},"functions":{"total":185,"covered":0,"skipped":0,"pct":0},"branches":{"total":185,"covered":0,"skipped":0,"pct":0},"branchesTrue":{"total":0,"covered":0,"skipped":0,"pct":100}}
,"C:\\Users\\Adrian\\Downloads\\sprint8\\frontend\\blues-clues-hris-frontend-web\\src\\app\\layout.tsx": {"lines":{"total":46,"covered":0,"skipped":0,"pct":0},"functions":{"total":1,"covered":0,"skipped":0,"pct":0},"statements":{"total":46,"covered":0,"skipped":0,"pct":0},"branches":{"total":1,"covered":0,"skipped":0,"pct":0}}
,"C:\\Users\\Adrian\\Downloads\\sprint8\\frontend\\blues-clues-hris-frontend-web\\src\\app\\page.tsx": {"lines":{"total":1754,"covered":0,"skipped":0,"pct":0},"functions":{"total":1,"covered":0,"skipped":0,"pct":0},"statements":{"total":1754,"covered":0,"skipped":0,"pct":0},"branches":{"total":1,"covered":0,"skipped":0,"pct":0}}
,"C:\\Users\\Adrian\\Downloads\\sprint8\\frontend\\blues-clues-hris-frontend-web\\src\\app\\(auth)\\forgot-password\\page.tsx": {"lines":{"total":127,"covered":0,"skipped":0,"pct":0},"functions":{"total":1,"covered":0,"skipped":0,"pct":0},"statements":{"total":127,"covered":0,"skipped":0,"pct":0},"branches":{"total":1,"covered":0,"skipped":0,"pct":0}}
,"C:\\Users\\Adrian\\Downloads\\sprint8\\frontend\\blues-clues-hris-frontend-web\\src\\app\\(auth)\\login\\page.tsx": {"lines":{"total":267,"covered":0,"skipped":0,"pct":0},"functions":{"total":1,"covered":0,"skipped":0,"pct":0},"statements":{"total":267,"covered":0,"skipped":0,"pct":0},"branches":{"total":1,"covered":0,"skipped":0,"pct":0}}
,"C:\\Users\\Adrian\\Downloads\\sprint8\\frontend\\blues-clues-hris-frontend-web\\src\\app\\(auth)\\portal-select\\page.tsx": {"lines":{"total":309,"covered":0,"skipped":0,"pct":0},"functions":{"total":1,"covered":0,"skipped":0,"pct":0},"statements":{"total":309,"covered":0,"skipped":0,"pct":0},"branches":{"total":1,"covered":0,"skipped":0,"pct":0}}
,"C:\\Users\\Adrian\\Downloads\\sprint8\\frontend\\blues-clues-hris-frontend-web\\src\\app\\(dashboard)\\layout.tsx": {"lines":{"total":142,"covered":0,"skipped":0,"pct":0},"functions":{"total":1,"covered":0,"skipped":0,"pct":0},"statements":{"total":142,"covered":0,"skipped":0,"pct":0},"branches":{"total":1,"covered":0,"skipped":0,"pct":0}}
,"C:\\Users\\Adrian\\Downloads\\sprint8\\frontend\\blues-clues-hris-frontend-web\\src\\app\\(dashboard)\\admin\\page.tsx": {"lines":{"total":91,"covered":0,"skipped":0,"pct":0},"functions":{"total":1,"covered":0,"skipped":0,"pct":0},"statements":{"total":91,"covered":0,"skipped":0,"pct":0},"branches":{"total":1,"covered":0,"skipped":0,"pct":0}}
,"C:\\Users\\Adrian\\Downloads\\sprint8\\frontend\\blues-clues-hris-frontend-web\\src\\app\\(dashboard)\\admin\\users\\page.tsx": {"lines":{"total":1,"covered":0,"skipped":0,"pct":0},"functions":{"total":1,"covered":0,"skipped":0,"pct":0},"statements":{"total":1,"covered":0,"skipped":0,"pct":0},"branches":{"total":1,"covered":0,"skipped":0,"pct":0}}
,"C:\\Users\\Adrian\\Downloads\\sprint8\\frontend\\blues-clues-hris-frontend-web\\src\\app\\(dashboard)\\employee\\page.tsx": {"lines":{"total":537,"covered":0,"skipped":0,"pct":0},"functions":{"total":1,"covered":0,"skipped":0,"pct":0},"statements":{"total":537,"covered":0,"skipped":0,"pct":0},"branches":{"total":1,"covered":0,"skipped":0,"pct":0}}
,"C:\\Users\\Adrian\\Downloads\\sprint8\\frontend\\blues-clues-hris-frontend-web\\src\\app\\(dashboard)\\employee\\documents\\page.tsx": {"lines":{"total":542,"covered":0,"skipped":0,"pct":0},"functions":{"total":1,"covered":0,"skipped":0,"pct":0},"statements":{"total":542,"covered":0,"skipped":0,"pct":0},"branches":{"total":1,"covered":0,"skipped":0,"pct":0}}
,"C:\\Users\\Adrian\\Downloads\\sprint8\\frontend\\blues-clues-hris-frontend-web\\src\\app\\(dashboard)\\employee\\leave\\page.tsx": {"lines":{"total":248,"covered":0,"skipped":0,"pct":0},"functions":{"total":1,"covered":0,"skipped":0,"pct":0},"statements":{"total":248,"covered":0,"skipped":0,"pct":0},"branches":{"total":1,"covered":0,"skipped":0,"pct":0}}
,"C:\\Users\\Adrian\\Downloads\\sprint8\\frontend\\blues-clues-hris-frontend-web\\src\\app\\(dashboard)\\employee\\offboarding\\page.tsx": {"lines":{"total":673,"covered":0,"skipped":0,"pct":0},"functions":{"total":1,"covered":0,"skipped":0,"pct":0},"statements":{"total":673,"covered":0,"skipped":0,"pct":0},"branches":{"total":1,"covered":0,"skipped":0,"pct":0}}
,"C:\\Users\\Adrian\\Downloads\\sprint8\\frontend\\blues-clues-hris-frontend-web\\src\\app\\(dashboard)\\employee\\onboarding\\page.tsx": {"lines":{"total":14,"covered":0,"skipped":0,"pct":0},"functions":{"total":1,"covered":0,"skipped":0,"pct":0},"statements":{"total":14,"covered":0,"skipped":0,"pct":0},"branches":{"total":1,"covered":0,"skipped":0,"pct":0}}
,"C:\\Users\\Adrian\\Downloads\\sprint8\\frontend\\blues-clues-hris-frontend-web\\src\\app\\(dashboard)\\employee\\overtime\\page.tsx": {"lines":{"total":306,"covered":0,"skipped":0,"pct":0},"functions":{"total":1,"covered":0,"skipped":0,"pct":0},"statements":{"total":306,"covered":0,"skipped":0,"pct":0},"branches":{"total":1,"covered":0,"skipped":0,"pct":0}}
,"C:\\Users\\Adrian\\Downloads\\sprint8\\frontend\\blues-clues-hris-frontend-web\\src\\app\\(dashboard)\\employee\\payslips\\page.tsx": {"lines":{"total":5,"covered":0,"skipped":0,"pct":0},"functions":{"total":1,"covered":0,"skipped":0,"pct":0},"statements":{"total":5,"covered":0,"skipped":0,"pct":0},"branches":{"total":1,"covered":0,"skipped":0,"pct":0}}
,"C:\\Users\\Adrian\\Downloads\\sprint8\\frontend\\blues-clues-hris-frontend-web\\src\\app\\(dashboard)\\employee\\performance\\page.tsx": {"lines":{"total":826,"covered":0,"skipped":0,"pct":0},"functions":{"total":1,"covered":0,"skipped":0,"pct":0},"statements":{"total":826,"covered":0,"skipped":0,"pct":0},"branches":{"total":1,"covered":0,"skipped":0,"pct":0}}
,"C:\\Users\\Adrian\\Downloads\\sprint8\\frontend\\blues-clues-hris-frontend-web\\src\\app\\(dashboard)\\employee\\profile\\page.tsx": {"lines":{"total":1335,"covered":0,"skipped":0,"pct":0},"functions":{"total":1,"covered":0,"skipped":0,"pct":0},"statements":{"total":1335,"covered":0,"skipped":0,"pct":0},"branches":{"total":1,"covered":0,"skipped":0,"pct":0}}
,"C:\\Users\\Adrian\\Downloads\\sprint8\\frontend\\blues-clues-hris-frontend-web\\src\\app\\(dashboard)\\employee\\timekeeping\\page.tsx": {"lines":{"total":2437,"covered":0,"skipped":0,"pct":0},"functions":{"total":1,"covered":0,"skipped":0,"pct":0},"statements":{"total":2437,"covered":0,"skipped":0,"pct":0},"branches":{"total":1,"covered":0,"skipped":0,"pct":0}}
,"C:\\Users\\Adrian\\Downloads\\sprint8\\frontend\\blues-clues-hris-frontend-web\\src\\app\\(dashboard)\\hr\\page.tsx": {"lines":{"total":1322,"covered":0,"skipped":0,"pct":0},"functions":{"total":1,"covered":0,"skipped":0,"pct":0},"statements":{"total":1322,"covered":0,"skipped":0,"pct":0},"branches":{"total":1,"covered":0,"skipped":0,"pct":0}}
,"C:\\Users\\Adrian\\Downloads\\sprint8\\frontend\\blues-clues-hris-frontend-web\\src\\app\\(dashboard)\\hr\\approvals\\page.tsx": {"lines":{"total":58,"covered":0,"skipped":0,"pct":0},"functions":{"total":1,"covered":0,"skipped":0,"pct":0},"statements":{"total":58,"covered":0,"skipped":0,"pct":0},"branches":{"total":1,"covered":0,"skipped":0,"pct":0}}
,"C:\\Users\\Adrian\\Downloads\\sprint8\\frontend\\blues-clues-hris-frontend-web\\src\\app\\(dashboard)\\hr\\candidates\\page.test.tsx": {"lines":{"total":191,"covered":0,"skipped":0,"pct":0},"functions":{"total":1,"covered":0,"skipped":0,"pct":0},"statements":{"total":191,"covered":0,"skipped":0,"pct":0},"branches":{"total":1,"covered":0,"skipped":0,"pct":0}}
,"C:\\Users\\Adrian\\Downloads\\sprint8\\frontend\\blues-clues-hris-frontend-web\\src\\app\\(dashboard)\\hr\\candidates\\page.tsx": {"lines":{"total":665,"covered":0,"skipped":0,"pct":0},"functions":{"total":1,"covered":0,"skipped":0,"pct":0},"statements":{"total":665,"covered":0,"skipped":0,"pct":0},"branches":{"total":1,"covered":0,"skipped":0,"pct":0}}
,"C:\\Users\\Adrian\\Downloads\\sprint8\\frontend\\blues-clues-hris-frontend-web\\src\\app\\(dashboard)\\hr\\jobs\\page.tsx": {"lines":{"total":3687,"covered":0,"skipped":0,"pct":0},"functions":{"total":1,"covered":0,"skipped":0,"pct":0},"statements":{"total":3687,"covered":0,"skipped":0,"pct":0},"branches":{"total":1,"covered":0,"skipped":0,"pct":0}}
,"C:\\Users\\Adrian\\Downloads\\sprint8\\frontend\\blues-clues-hris-frontend-web\\src\\app\\(dashboard)\\hr\\jobs\\_components\\PipelineKanbanView.tsx": {"lines":{"total":440,"covered":0,"skipped":0,"pct":0},"functions":{"total":1,"covered":0,"skipped":0,"pct":0},"statements":{"total":440,"covered":0,"skipped":0,"pct":0},"branches":{"total":1,"covered":0,"skipped":0,"pct":0}}
,"C:\\Users\\Adrian\\Downloads\\sprint8\\frontend\\blues-clues-hris-frontend-web\\src\\app\\(dashboard)\\hr\\jobs\\_components\\CreateJobModal\\Step1JobDetails.tsx": {"lines":{"total":120,"covered":0,"skipped":0,"pct":0},"functions":{"total":1,"covered":0,"skipped":0,"pct":0},"statements":{"total":120,"covered":0,"skipped":0,"pct":0},"branches":{"total":1,"covered":0,"skipped":0,"pct":0}}
,"C:\\Users\\Adrian\\Downloads\\sprint8\\frontend\\blues-clues-hris-frontend-web\\src\\app\\(dashboard)\\hr\\jobs\\_components\\CreateJobModal\\Step2Questions.tsx": {"lines":{"total":132,"covered":0,"skipped":0,"pct":0},"functions":{"total":1,"covered":0,"skipped":0,"pct":0},"statements":{"total":132,"covered":0,"skipped":0,"pct":0},"branches":{"total":1,"covered":0,"skipped":0,"pct":0}}
,"C:\\Users\\Adrian\\Downloads\\sprint8\\frontend\\blues-clues-hris-frontend-web\\src\\app\\(dashboard)\\hr\\jobs\\_components\\CreateJobModal\\Step3SfiaSkills.tsx": {"lines":{"total":146,"covered":0,"skipped":0,"pct":0},"functions":{"total":1,"covered":0,"skipped":0,"pct":0},"statements":{"total":146,"covered":0,"skipped":0,"pct":0},"branches":{"total":1,"covered":0,"skipped":0,"pct":0}}
,"C:\\Users\\Adrian\\Downloads\\sprint8\\frontend\\blues-clues-hris-frontend-web\\src\\app\\(dashboard)\\hr\\jobs\\_components\\CreateJobModal\\index.tsx": {"lines":{"total":126,"covered":0,"skipped":0,"pct":0},"functions":{"total":1,"covered":0,"skipped":0,"pct":0},"statements":{"total":126,"covered":0,"skipped":0,"pct":0},"branches":{"total":1,"covered":0,"skipped":0,"pct":0}}
,"C:\\Users\\Adrian\\Downloads\\sprint8\\frontend\\blues-clues-hris-frontend-web\\src\\app\\(dashboard)\\hr\\jobs\\_components\\CreateJobModal\\useCreateJobWizard.ts": {"lines":{"total":244,"covered":0,"skipped":0,"pct":0},"functions":{"total":1,"covered":0,"skipped":0,"pct":0},"statements":{"total":244,"covered":0,"skipped":0,"pct":0},"branches":{"total":1,"covered":0,"skipped":0,"pct":0}}
,"C:\\Users\\Adrian\\Downloads\\sprint8\\frontend\\blues-clues-hris-frontend-web\\src\\app\\(dashboard)\\hr\\jobs\\_components\\EditJobModal\\Step1JobDetails.tsx": {"lines":{"total":127,"covered":0,"skipped":0,"pct":0},"functions":{"total":1,"covered":0,"skipped":0,"pct":0},"statements":{"total":127,"covered":0,"skipped":0,"pct":0},"branches":{"total":1,"covered":0,"skipped":0,"pct":0}}
,"C:\\Users\\Adrian\\Downloads\\sprint8\\frontend\\blues-clues-hris-frontend-web\\src\\app\\(dashboard)\\hr\\jobs\\_components\\EditJobModal\\Step2Questions.tsx": {"lines":{"total":39,"covered":0,"skipped":0,"pct":0},"functions":{"total":1,"covered":0,"skipped":0,"pct":0},"statements":{"total":39,"covered":0,"skipped":0,"pct":0},"branches":{"total":1,"covered":0,"skipped":0,"pct":0}}
,"C:\\Users\\Adrian\\Downloads\\sprint8\\frontend\\blues-clues-hris-frontend-web\\src\\app\\(dashboard)\\hr\\jobs\\_components\\EditJobModal\\Step3SfiaSkills.tsx": {"lines":{"total":47,"covered":0,"skipped":0,"pct":0},"functions":{"total":1,"covered":0,"skipped":0,"pct":0},"statements":{"total":47,"covered":0,"skipped":0,"pct":0},"branches":{"total":1,"covered":0,"skipped":0,"pct":0}}
,"C:\\Users\\Adrian\\Downloads\\sprint8\\frontend\\blues-clues-hris-frontend-web\\src\\app\\(dashboard)\\hr\\jobs\\_components\\EditJobModal\\index.tsx": {"lines":{"total":128,"covered":0,"skipped":0,"pct":0},"functions":{"total":1,"covered":0,"skipped":0,"pct":0},"statements":{"total":128,"covered":0,"skipped":0,"pct":0},"branches":{"total":1,"covered":0,"skipped":0,"pct":0}}
,"C:\\Users\\Adrian\\Downloads\\sprint8\\frontend\\blues-clues-hris-frontend-web\\src\\app\\(dashboard)\\hr\\jobs\\_components\\EditJobModal\\useEditJobWizard.ts": {"lines":{"total":284,"covered":0,"skipped":0,"pct":0},"functions":{"total":1,"covered":0,"skipped":0,"pct":0},"statements":{"total":284,"covered":0,"skipped":0,"pct":0},"branches":{"total":1,"covered":0,"skipped":0,"pct":0}}
,"C:\\Users\\Adrian\\Downloads\\sprint8\\frontend\\blues-clues-hris-frontend-web\\src\\app\\(dashboard)\\hr\\offboarding\\page.tsx": {"lines":{"total":1656,"covered":0,"skipped":0,"pct":0},"functions":{"total":1,"covered":0,"skipped":0,"pct":0},"statements":{"total":1656,"covered":0,"skipped":0,"pct":0},"branches":{"total":1,"covered":0,"skipped":0,"pct":0}}
,"C:\\Users\\Adrian\\Downloads\\sprint8\\frontend\\blues-clues-hris-frontend-web\\src\\app\\(dashboard)\\hr\\onboarding\\page.tsx": {"lines":{"total":18,"covered":0,"skipped":0,"pct":0},"functions":{"total":1,"covered":0,"skipped":0,"pct":0},"statements":{"total":18,"covered":0,"skipped":0,"pct":0},"branches":{"total":1,"covered":0,"skipped":0,"pct":0}}
,"C:\\Users\\Adrian\\Downloads\\sprint8\\frontend\\blues-clues-hris-frontend-web\\src\\app\\(dashboard)\\hr\\payroll\\page.tsx": {"lines":{"total":1626,"covered":0,"skipped":0,"pct":0},"functions":{"total":1,"covered":0,"skipped":0,"pct":0},"statements":{"total":1626,"covered":0,"skipped":0,"pct":0},"branches":{"total":1,"covered":0,"skipped":0,"pct":0}}
,"C:\\Users\\Adrian\\Downloads\\sprint8\\frontend\\blues-clues-hris-frontend-web\\src\\app\\(dashboard)\\hr\\payslips\\page.tsx": {"lines":{"total":5,"covered":0,"skipped":0,"pct":0},"functions":{"total":1,"covered":0,"skipped":0,"pct":0},"statements":{"total":5,"covered":0,"skipped":0,"pct":0},"branches":{"total":1,"covered":0,"skipped":0,"pct":0}}
,"C:\\Users\\Adrian\\Downloads\\sprint8\\frontend\\blues-clues-hris-frontend-web\\src\\app\\(dashboard)\\hr\\performance\\page.tsx": {"lines":{"total":872,"covered":0,"skipped":0,"pct":0},"functions":{"total":1,"covered":0,"skipped":0,"pct":0},"statements":{"total":872,"covered":0,"skipped":0,"pct":0},"branches":{"total":1,"covered":0,"skipped":0,"pct":0}}
,"C:\\Users\\Adrian\\Downloads\\sprint8\\frontend\\blues-clues-hris-frontend-web\\src\\app\\(dashboard)\\hr\\timekeeping\\page.tsx": {"lines":{"total":3236,"covered":0,"skipped":0,"pct":0},"functions":{"total":1,"covered":0,"skipped":0,"pct":0},"statements":{"total":3236,"covered":0,"skipped":0,"pct":0},"branches":{"total":1,"covered":0,"skipped":0,"pct":0}}
,"C:\\Users\\Adrian\\Downloads\\sprint8\\frontend\\blues-clues-hris-frontend-web\\src\\app\\(dashboard)\\manager\\page.tsx": {"lines":{"total":258,"covered":0,"skipped":0,"pct":0},"functions":{"total":1,"covered":0,"skipped":0,"pct":0},"statements":{"total":258,"covered":0,"skipped":0,"pct":0},"branches":{"total":1,"covered":0,"skipped":0,"pct":0}}
,"C:\\Users\\Adrian\\Downloads\\sprint8\\frontend\\blues-clues-hris-frontend-web\\src\\app\\(dashboard)\\manager\\approvals\\page.tsx": {"lines":{"total":49,"covered":0,"skipped":0,"pct":0},"functions":{"total":1,"covered":0,"skipped":0,"pct":0},"statements":{"total":49,"covered":0,"skipped":0,"pct":0},"branches":{"total":1,"covered":0,"skipped":0,"pct":0}}
,"C:\\Users\\Adrian\\Downloads\\sprint8\\frontend\\blues-clues-hris-frontend-web\\src\\app\\(dashboard)\\manager\\offboarding\\page.tsx": {"lines":{"total":567,"covered":0,"skipped":0,"pct":0},"functions":{"total":1,"covered":0,"skipped":0,"pct":0},"statements":{"total":567,"covered":0,"skipped":0,"pct":0},"branches":{"total":1,"covered":0,"skipped":0,"pct":0}}
,"C:\\Users\\Adrian\\Downloads\\sprint8\\frontend\\blues-clues-hris-frontend-web\\src\\app\\(dashboard)\\manager\\payslips\\page.tsx": {"lines":{"total":5,"covered":0,"skipped":0,"pct":0},"functions":{"total":1,"covered":0,"skipped":0,"pct":0},"statements":{"total":5,"covered":0,"skipped":0,"pct":0},"branches":{"total":1,"covered":0,"skipped":0,"pct":0}}
,"C:\\Users\\Adrian\\Downloads\\sprint8\\frontend\\blues-clues-hris-frontend-web\\src\\app\\(dashboard)\\manager\\performance\\page.tsx": {"lines":{"total":1052,"covered":0,"skipped":0,"pct":0},"functions":{"total":1,"covered":0,"skipped":0,"pct":0},"statements":{"total":1052,"covered":0,"skipped":0,"pct":0},"branches":{"total":1,"covered":0,"skipped":0,"pct":0}}
,"C:\\Users\\Adrian\\Downloads\\sprint8\\frontend\\blues-clues-hris-frontend-web\\src\\app\\(dashboard)\\manager\\team\\page.tsx": {"lines":{"total":1057,"covered":0,"skipped":0,"pct":0},"functions":{"total":1,"covered":0,"skipped":0,"pct":0},"statements":{"total":1057,"covered":0,"skipped":0,"pct":0},"branches":{"total":1,"covered":0,"skipped":0,"pct":0}}
,"C:\\Users\\Adrian\\Downloads\\sprint8\\frontend\\blues-clues-hris-frontend-web\\src\\app\\(dashboard)\\manager\\timekeeping\\page.tsx": {"lines":{"total":651,"covered":0,"skipped":0,"pct":0},"functions":{"total":1,"covered":0,"skipped":0,"pct":0},"statements":{"total":651,"covered":0,"skipped":0,"pct":0},"branches":{"total":1,"covered":0,"skipped":0,"pct":0}}
,"C:\\Users\\Adrian\\Downloads\\sprint8\\frontend\\blues-clues-hris-frontend-web\\src\\app\\(dashboard)\\system-admin\\page.tsx": {"lines":{"total":529,"covered":0,"skipped":0,"pct":0},"functions":{"total":1,"covered":0,"skipped":0,"pct":0},"statements":{"total":529,"covered":0,"skipped":0,"pct":0},"branches":{"total":1,"covered":0,"skipped":0,"pct":0}}
,"C:\\Users\\Adrian\\Downloads\\sprint8\\frontend\\blues-clues-hris-frontend-web\\src\\app\\(dashboard)\\system-admin\\approvals\\page.tsx": {"lines":{"total":49,"covered":0,"skipped":0,"pct":0},"functions":{"total":1,"covered":0,"skipped":0,"pct":0},"statements":{"total":49,"covered":0,"skipped":0,"pct":0},"branches":{"total":1,"covered":0,"skipped":0,"pct":0}}
,"C:\\Users\\Adrian\\Downloads\\sprint8\\frontend\\blues-clues-hris-frontend-web\\src\\app\\(dashboard)\\system-admin\\audit-logs\\page.tsx": {"lines":{"total":540,"covered":0,"skipped":0,"pct":0},"functions":{"total":1,"covered":0,"skipped":0,"pct":0},"statements":{"total":540,"covered":0,"skipped":0,"pct":0},"branches":{"total":1,"covered":0,"skipped":0,"pct":0}}
,"C:\\Users\\Adrian\\Downloads\\sprint8\\frontend\\blues-clues-hris-frontend-web\\src\\app\\(dashboard)\\system-admin\\compensation-settings\\page.tsx": {"lines":{"total":347,"covered":0,"skipped":0,"pct":0},"functions":{"total":1,"covered":0,"skipped":0,"pct":0},"statements":{"total":347,"covered":0,"skipped":0,"pct":0},"branches":{"total":1,"covered":0,"skipped":0,"pct":0}}
,"C:\\Users\\Adrian\\Downloads\\sprint8\\frontend\\blues-clues-hris-frontend-web\\src\\app\\(dashboard)\\system-admin\\offboarding\\page.tsx": {"lines":{"total":697,"covered":0,"skipped":0,"pct":0},"functions":{"total":1,"covered":0,"skipped":0,"pct":0},"statements":{"total":697,"covered":0,"skipped":0,"pct":0},"branches":{"total":1,"covered":0,"skipped":0,"pct":0}}
,"C:\\Users\\Adrian\\Downloads\\sprint8\\frontend\\blues-clues-hris-frontend-web\\src\\app\\(dashboard)\\system-admin\\onboarding\\page.tsx": {"lines":{"total":7,"covered":0,"skipped":0,"pct":0},"functions":{"total":1,"covered":0,"skipped":0,"pct":0},"statements":{"total":7,"covered":0,"skipped":0,"pct":0},"branches":{"total":1,"covered":0,"skipped":0,"pct":0}}
,"C:\\Users\\Adrian\\Downloads\\sprint8\\frontend\\blues-clues-hris-frontend-web\\src\\app\\(dashboard)\\system-admin\\performance-settings\\page.tsx": {"lines":{"total":887,"covered":0,"skipped":0,"pct":0},"functions":{"total":1,"covered":0,"skipped":0,"pct":0},"statements":{"total":887,"covered":0,"skipped":0,"pct":0},"branches":{"total":1,"covered":0,"skipped":0,"pct":0}}
,"C:\\Users\\Adrian\\Downloads\\sprint8\\frontend\\blues-clues-hris-frontend-web\\src\\app\\(dashboard)\\system-admin\\settings\\page.tsx": {"lines":{"total":555,"covered":0,"skipped":0,"pct":0},"functions":{"total":1,"covered":0,"skipped":0,"pct":0},"statements":{"total":555,"covered":0,"skipped":0,"pct":0},"branches":{"total":1,"covered":0,"skipped":0,"pct":0}}
,"C:\\Users\\Adrian\\Downloads\\sprint8\\frontend\\blues-clues-hris-frontend-web\\src\\app\\(dashboard)\\system-admin\\subscriptions\\page.tsx": {"lines":{"total":382,"covered":0,"skipped":0,"pct":0},"functions":{"total":1,"covered":0,"skipped":0,"pct":0},"statements":{"total":382,"covered":0,"skipped":0,"pct":0},"branches":{"total":1,"covered":0,"skipped":0,"pct":0}}
,"C:\\Users\\Adrian\\Downloads\\sprint8\\frontend\\blues-clues-hris-frontend-web\\src\\app\\(dashboard)\\system-admin\\timekeeping\\page.tsx": {"lines":{"total":925,"covered":0,"skipped":0,"pct":0},"functions":{"total":1,"covered":0,"skipped":0,"pct":0},"statements":{"total":925,"covered":0,"skipped":0,"pct":0},"branches":{"total":1,"covered":0,"skipped":0,"pct":0}}
,"C:\\Users\\Adrian\\Downloads\\sprint8\\frontend\\blues-clues-hris-frontend-web\\src\\app\\(dashboard)\\system-admin\\users\\page.tsx": {"lines":{"total":1600,"covered":0,"skipped":0,"pct":0},"functions":{"total":1,"covered":0,"skipped":0,"pct":0},"statements":{"total":1600,"covered":0,"skipped":0,"pct":0},"branches":{"total":1,"covered":0,"skipped":0,"pct":0}}
,"C:\\Users\\Adrian\\Downloads\\sprint8\\frontend\\blues-clues-hris-frontend-web\\src\\app\\(portal)\\applicant\\layout.tsx": {"lines":{"total":207,"covered":0,"skipped":0,"pct":0},"functions":{"total":1,"covered":0,"skipped":0,"pct":0},"statements":{"total":207,"covered":0,"skipped":0,"pct":0},"branches":{"total":1,"covered":0,"skipped":0,"pct":0}}
,"C:\\Users\\Adrian\\Downloads\\sprint8\\frontend\\blues-clues-hris-frontend-web\\src\\app\\(portal)\\applicant\\applications\\page.tsx": {"lines":{"total":1367,"covered":0,"skipped":0,"pct":0},"functions":{"total":1,"covered":0,"skipped":0,"pct":0},"statements":{"total":1367,"covered":0,"skipped":0,"pct":0},"branches":{"total":1,"covered":0,"skipped":0,"pct":0}}
,"C:\\Users\\Adrian\\Downloads\\sprint8\\frontend\\blues-clues-hris-frontend-web\\src\\app\\(portal)\\applicant\\dashboard\\page.tsx": {"lines":{"total":1092,"covered":0,"skipped":0,"pct":0},"functions":{"total":1,"covered":0,"skipped":0,"pct":0},"statements":{"total":1092,"covered":0,"skipped":0,"pct":0},"branches":{"total":1,"covered":0,"skipped":0,"pct":0}}
,"C:\\Users\\Adrian\\Downloads\\sprint8\\frontend\\blues-clues-hris-frontend-web\\src\\app\\(portal)\\applicant\\jobs\\page.tsx": {"lines":{"total":1257,"covered":0,"skipped":0,"pct":0},"functions":{"total":1,"covered":0,"skipped":0,"pct":0},"statements":{"total":1257,"covered":0,"skipped":0,"pct":0},"branches":{"total":1,"covered":0,"skipped":0,"pct":0}}
,"C:\\Users\\Adrian\\Downloads\\sprint8\\frontend\\blues-clues-hris-frontend-web\\src\\app\\(portal)\\applicant\\login\\page.tsx": {"lines":{"total":421,"covered":0,"skipped":0,"pct":0},"functions":{"total":1,"covered":0,"skipped":0,"pct":0},"statements":{"total":421,"covered":0,"skipped":0,"pct":0},"branches":{"total":1,"covered":0,"skipped":0,"pct":0}}
,"C:\\Users\\Adrian\\Downloads\\sprint8\\frontend\\blues-clues-hris-frontend-web\\src\\app\\(portal)\\applicant\\onboarding\\page.tsx": {"lines":{"total":71,"covered":0,"skipped":0,"pct":0},"functions":{"total":1,"covered":0,"skipped":0,"pct":0},"statements":{"total":71,"covered":0,"skipped":0,"pct":0},"branches":{"total":1,"covered":0,"skipped":0,"pct":0}}
,"C:\\Users\\Adrian\\Downloads\\sprint8\\frontend\\blues-clues-hris-frontend-web\\src\\app\\(portal)\\applicant\\profile\\page.tsx": {"lines":{"total":436,"covered":0,"skipped":0,"pct":0},"functions":{"total":1,"covered":0,"skipped":0,"pct":0},"statements":{"total":436,"covered":0,"skipped":0,"pct":0},"branches":{"total":1,"covered":0,"skipped":0,"pct":0}}
,"C:\\Users\\Adrian\\Downloads\\sprint8\\frontend\\blues-clues-hris-frontend-web\\src\\app\\(portal)\\applicant\\verify-email\\page.tsx": {"lines":{"total":202,"covered":0,"skipped":0,"pct":0},"functions":{"total":1,"covered":0,"skipped":0,"pct":0},"statements":{"total":202,"covered":0,"skipped":0,"pct":0},"branches":{"total":1,"covered":0,"skipped":0,"pct":0}}
,"C:\\Users\\Adrian\\Downloads\\sprint8\\frontend\\blues-clues-hris-frontend-web\\src\\app\\(subscription)\\layout.tsx": {"lines":{"total":43,"covered":0,"skipped":0,"pct":0},"functions":{"total":1,"covered":0,"skipped":0,"pct":0},"statements":{"total":43,"covered":0,"skipped":0,"pct":0},"branches":{"total":1,"covered":0,"skipped":0,"pct":0}}
,"C:\\Users\\Adrian\\Downloads\\sprint8\\frontend\\blues-clues-hris-frontend-web\\src\\app\\(subscription)\\payment\\cancel\\page.tsx": {"lines":{"total":52,"covered":0,"skipped":0,"pct":0},"functions":{"total":1,"covered":0,"skipped":0,"pct":0},"statements":{"total":52,"covered":0,"skipped":0,"pct":0},"branches":{"total":1,"covered":0,"skipped":0,"pct":0}}
,"C:\\Users\\Adrian\\Downloads\\sprint8\\frontend\\blues-clues-hris-frontend-web\\src\\app\\(subscription)\\payment\\success\\page.tsx": {"lines":{"total":20,"covered":0,"skipped":0,"pct":0},"functions":{"total":1,"covered":0,"skipped":0,"pct":0},"statements":{"total":20,"covered":0,"skipped":0,"pct":0},"branches":{"total":1,"covered":0,"skipped":0,"pct":0}}
,"C:\\Users\\Adrian\\Downloads\\sprint8\\frontend\\blues-clues-hris-frontend-web\\src\\app\\(subscription)\\payment\\success\\payment-success-content.tsx": {"lines":{"total":141,"covered":0,"skipped":0,"pct":0},"functions":{"total":1,"covered":0,"skipped":0,"pct":0},"statements":{"total":141,"covered":0,"skipped":0,"pct":0},"branches":{"total":1,"covered":0,"skipped":0,"pct":0}}
,"C:\\Users\\Adrian\\Downloads\\sprint8\\frontend\\blues-clues-hris-frontend-web\\src\\app\\(subscription)\\subscribe\\page.tsx": {"lines":{"total":1873,"covered":0,"skipped":0,"pct":0},"functions":{"total":1,"covered":0,"skipped":0,"pct":0},"statements":{"total":1873,"covered":0,"skipped":0,"pct":0},"branches":{"total":1,"covered":0,"skipped":0,"pct":0}}
,"C:\\Users\\Adrian\\Downloads\\sprint8\\frontend\\blues-clues-hris-frontend-web\\src\\app\\(super-admin)\\super-admin\\layout.tsx": {"lines":{"total":96,"covered":0,"skipped":0,"pct":0},"functions":{"total":1,"covered":0,"skipped":0,"pct":0},"statements":{"total":96,"covered":0,"skipped":0,"pct":0},"branches":{"total":1,"covered":0,"skipped":0,"pct":0}}
,"C:\\Users\\Adrian\\Downloads\\sprint8\\frontend\\blues-clues-hris-frontend-web\\src\\app\\(super-admin)\\super-admin\\companies\\page.tsx": {"lines":{"total":299,"covered":0,"skipped":0,"pct":0},"functions":{"total":1,"covered":0,"skipped":0,"pct":0},"statements":{"total":299,"covered":0,"skipped":0,"pct":0},"branches":{"total":1,"covered":0,"skipped":0,"pct":0}}
,"C:\\Users\\Adrian\\Downloads\\sprint8\\frontend\\blues-clues-hris-frontend-web\\src\\app\\(super-admin)\\super-admin\\dashboard\\page.tsx": {"lines":{"total":225,"covered":0,"skipped":0,"pct":0},"functions":{"total":1,"covered":0,"skipped":0,"pct":0},"statements":{"total":225,"covered":0,"skipped":0,"pct":0},"branches":{"total":1,"covered":0,"skipped":0,"pct":0}}
,"C:\\Users\\Adrian\\Downloads\\sprint8\\frontend\\blues-clues-hris-frontend-web\\src\\app\\(super-admin)\\super-admin\\login\\page.tsx": {"lines":{"total":151,"covered":0,"skipped":0,"pct":0},"functions":{"total":1,"covered":0,"skipped":0,"pct":0},"statements":{"total":151,"covered":0,"skipped":0,"pct":0},"branches":{"total":1,"covered":0,"skipped":0,"pct":0}}
,"C:\\Users\\Adrian\\Downloads\\sprint8\\frontend\\blues-clues-hris-frontend-web\\src\\app\\(super-admin)\\super-admin\\renewals\\page.tsx": {"lines":{"total":372,"covered":0,"skipped":0,"pct":0},"functions":{"total":1,"covered":0,"skipped":0,"pct":0},"statements":{"total":372,"covered":0,"skipped":0,"pct":0},"branches":{"total":1,"covered":0,"skipped":0,"pct":0}}
,"C:\\Users\\Adrian\\Downloads\\sprint8\\frontend\\blues-clues-hris-frontend-web\\src\\app\\(super-admin)\\super-admin\\settings\\page.tsx": {"lines":{"total":358,"covered":0,"skipped":0,"pct":0},"functions":{"total":1,"covered":0,"skipped":0,"pct":0},"statements":{"total":358,"covered":0,"skipped":0,"pct":0},"branches":{"total":1,"covered":0,"skipped":0,"pct":0}}
,"C:\\Users\\Adrian\\Downloads\\sprint8\\frontend\\blues-clues-hris-frontend-web\\src\\app\\(super-admin)\\super-admin\\subscriptions\\page.tsx": {"lines":{"total":328,"covered":0,"skipped":0,"pct":0},"functions":{"total":1,"covered":0,"skipped":0,"pct":0},"statements":{"total":328,"covered":0,"skipped":0,"pct":0},"branches":{"total":1,"covered":0,"skipped":0,"pct":0}}
,"C:\\Users\\Adrian\\Downloads\\sprint8\\frontend\\blues-clues-hris-frontend-web\\src\\app\\careers\\[slug]\\page.tsx": {"lines":{"total":126,"covered":0,"skipped":0,"pct":0},"functions":{"total":1,"covered":0,"skipped":0,"pct":0},"statements":{"total":126,"covered":0,"skipped":0,"pct":0},"branches":{"total":1,"covered":0,"skipped":0,"pct":0}}
,"C:\\Users\\Adrian\\Downloads\\sprint8\\frontend\\blues-clues-hris-frontend-web\\src\\app\\renewals\\page.tsx": {"lines":{"total":10,"covered":0,"skipped":0,"pct":0},"functions":{"total":1,"covered":0,"skipped":0,"pct":0},"statements":{"total":10,"covered":0,"skipped":0,"pct":0},"branches":{"total":1,"covered":0,"skipped":0,"pct":0}}
,"C:\\Users\\Adrian\\Downloads\\sprint8\\frontend\\blues-clues-hris-frontend-web\\src\\app\\renewals\\_components\\RenewalsClient.tsx": {"lines":{"total":282,"covered":0,"skipped":0,"pct":0},"functions":{"total":1,"covered":0,"skipped":0,"pct":0},"statements":{"total":282,"covered":0,"skipped":0,"pct":0},"branches":{"total":1,"covered":0,"skipped":0,"pct":0}}
,"C:\\Users\\Adrian\\Downloads\\sprint8\\frontend\\blues-clues-hris-frontend-web\\src\\app\\set-password\\page.tsx": {"lines":{"total":175,"covered":0,"skipped":0,"pct":0},"functions":{"total":1,"covered":0,"skipped":0,"pct":0},"statements":{"total":175,"covered":0,"skipped":0,"pct":0},"branches":{"total":1,"covered":0,"skipped":0,"pct":0}}
,"C:\\Users\\Adrian\\Downloads\\sprint8\\frontend\\blues-clues-hris-frontend-web\\src\\components\\AuthGuard.tsx": {"lines":{"total":58,"covered":0,"skipped":0,"pct":0},"functions":{"total":1,"covered":0,"skipped":0,"pct":0},"statements":{"total":58,"covered":0,"skipped":0,"pct":0},"branches":{"total":1,"covered":0,"skipped":0,"pct":0}}
,"C:\\Users\\Adrian\\Downloads\\sprint8\\frontend\\blues-clues-hris-frontend-web\\src\\components\\NotificationBell.tsx": {"lines":{"total":223,"covered":0,"skipped":0,"pct":0},"functions":{"total":1,"covered":0,"skipped":0,"pct":0},"statements":{"total":223,"covered":0,"skipped":0,"pct":0},"branches":{"total":1,"covered":0,"skipped":0,"pct":0}}
,"C:\\Users\\Adrian\\Downloads\\sprint8\\frontend\\blues-clues-hris-frontend-web\\src\\components\\NotificationDropdown.tsx": {"lines":{"total":172,"covered":0,"skipped":0,"pct":0},"functions":{"total":1,"covered":0,"skipped":0,"pct":0},"statements":{"total":172,"covered":0,"skipped":0,"pct":0},"branches":{"total":1,"covered":0,"skipped":0,"pct":0}}
,"C:\\Users\\Adrian\\Downloads\\sprint8\\frontend\\blues-clues-hris-frontend-web\\src\\components\\applicant\\SfiaGradeCard.tsx": {"lines":{"total":122,"covered":0,"skipped":0,"pct":0},"functions":{"total":1,"covered":0,"skipped":0,"pct":0},"statements":{"total":122,"covered":0,"skipped":0,"pct":0},"branches":{"total":1,"covered":0,"skipped":0,"pct":0}}
,"C:\\Users\\Adrian\\Downloads\\sprint8\\frontend\\blues-clues-hris-frontend-web\\src\\components\\approvals\\HRDocumentApprovalsView.tsx": {"lines":{"total":614,"covered":0,"skipped":0,"pct":0},"functions":{"total":1,"covered":0,"skipped":0,"pct":0},"statements":{"total":614,"covered":0,"skipped":0,"pct":0},"branches":{"total":1,"covered":0,"skipped":0,"pct":0}}
,"C:\\Users\\Adrian\\Downloads\\sprint8\\frontend\\blues-clues-hris-frontend-web\\src\\components\\approvals\\LeaveApprovalsView.tsx": {"lines":{"total":831,"covered":0,"skipped":0,"pct":0},"functions":{"total":1,"covered":0,"skipped":0,"pct":0},"statements":{"total":831,"covered":0,"skipped":0,"pct":0},"branches":{"total":1,"covered":0,"skipped":0,"pct":0}}
,"C:\\Users\\Adrian\\Downloads\\sprint8\\frontend\\blues-clues-hris-frontend-web\\src\\components\\approvals\\OvertimeApprovalsView.tsx": {"lines":{"total":303,"covered":0,"skipped":0,"pct":0},"functions":{"total":1,"covered":0,"skipped":0,"pct":0},"statements":{"total":303,"covered":0,"skipped":0,"pct":0},"branches":{"total":1,"covered":0,"skipped":0,"pct":0}}
,"C:\\Users\\Adrian\\Downloads\\sprint8\\frontend\\blues-clues-hris-frontend-web\\src\\components\\candidates\\ApplicationStatusBadge.tsx": {"lines":{"total":41,"covered":0,"skipped":0,"pct":0},"functions":{"total":1,"covered":0,"skipped":0,"pct":0},"statements":{"total":41,"covered":0,"skipped":0,"pct":0},"branches":{"total":1,"covered":0,"skipped":0,"pct":0}}
,"C:\\Users\\Adrian\\Downloads\\sprint8\\frontend\\blues-clues-hris-frontend-web\\src\\components\\candidates\\rankingStyles.ts": {"lines":{"total":42,"covered":0,"skipped":0,"pct":0},"functions":{"total":1,"covered":0,"skipped":0,"pct":0},"statements":{"total":42,"covered":0,"skipped":0,"pct":0},"branches":{"total":1,"covered":0,"skipped":0,"pct":0}}
,"C:\\Users\\Adrian\\Downloads\\sprint8\\frontend\\blues-clues-hris-frontend-web\\src\\components\\candidates\\CandidateProfileModal\\ProfileBody.tsx": {"lines":{"total":118,"covered":0,"skipped":0,"pct":0},"functions":{"total":1,"covered":0,"skipped":0,"pct":0},"statements":{"total":118,"covered":0,"skipped":0,"pct":0},"branches":{"total":1,"covered":0,"skipped":0,"pct":0}}
,"C:\\Users\\Adrian\\Downloads\\sprint8\\frontend\\blues-clues-hris-frontend-web\\src\\components\\candidates\\CandidateProfileModal\\ProfileErrorState.tsx": {"lines":{"total":18,"covered":0,"skipped":0,"pct":0},"functions":{"total":1,"covered":0,"skipped":0,"pct":0},"statements":{"total":18,"covered":0,"skipped":0,"pct":0},"branches":{"total":1,"covered":0,"skipped":0,"pct":0}}
,"C:\\Users\\Adrian\\Downloads\\sprint8\\frontend\\blues-clues-hris-frontend-web\\src\\components\\candidates\\CandidateProfileModal\\ProfileLoadingState.tsx": {"lines":{"total":10,"covered":0,"skipped":0,"pct":0},"functions":{"total":1,"covered":0,"skipped":0,"pct":0},"statements":{"total":10,"covered":0,"skipped":0,"pct":0},"branches":{"total":1,"covered":0,"skipped":0,"pct":0}}
,"C:\\Users\\Adrian\\Downloads\\sprint8\\frontend\\blues-clues-hris-frontend-web\\src\\components\\candidates\\CandidateProfileModal\\index.tsx": {"lines":{"total":118,"covered":0,"skipped":0,"pct":0},"functions":{"total":1,"covered":0,"skipped":0,"pct":0},"statements":{"total":118,"covered":0,"skipped":0,"pct":0},"branches":{"total":1,"covered":0,"skipped":0,"pct":0}}
,"C:\\Users\\Adrian\\Downloads\\sprint8\\frontend\\blues-clues-hris-frontend-web\\src\\components\\employees\\EmployeeProfileSheet.tsx": {"lines":{"total":1455,"covered":0,"skipped":0,"pct":0},"functions":{"total":1,"covered":0,"skipped":0,"pct":0},"statements":{"total":1455,"covered":0,"skipped":0,"pct":0},"branches":{"total":1,"covered":0,"skipped":0,"pct":0}}
,"C:\\Users\\Adrian\\Downloads\\sprint8\\frontend\\blues-clues-hris-frontend-web\\src\\components\\employees\\RoleCheckboxGroup.tsx": {"lines":{"total":95,"covered":0,"skipped":0,"pct":0},"functions":{"total":1,"covered":0,"skipped":0,"pct":0},"statements":{"total":95,"covered":0,"skipped":0,"pct":0},"branches":{"total":1,"covered":0,"skipped":0,"pct":0}}
,"C:\\Users\\Adrian\\Downloads\\sprint8\\frontend\\blues-clues-hris-frontend-web\\src\\components\\jobs\\JobStatusBadge.tsx": {"lines":{"total":32,"covered":0,"skipped":0,"pct":0},"functions":{"total":1,"covered":0,"skipped":0,"pct":0},"statements":{"total":32,"covered":0,"skipped":0,"pct":0},"branches":{"total":1,"covered":0,"skipped":0,"pct":0}}
,"C:\\Users\\Adrian\\Downloads\\sprint8\\frontend\\blues-clues-hris-frontend-web\\src\\components\\layout\\EmployeeNotificationBell.tsx": {"lines":{"total":253,"covered":0,"skipped":0,"pct":0},"functions":{"total":1,"covered":0,"skipped":0,"pct":0},"statements":{"total":253,"covered":0,"skipped":0,"pct":0},"branches":{"total":1,"covered":0,"skipped":0,"pct":0}}
,"C:\\Users\\Adrian\\Downloads\\sprint8\\frontend\\blues-clues-hris-frontend-web\\src\\components\\layout\\HRNotificationBell.tsx": {"lines":{"total":342,"covered":0,"skipped":0,"pct":0},"functions":{"total":1,"covered":0,"skipped":0,"pct":0},"statements":{"total":342,"covered":0,"skipped":0,"pct":0},"branches":{"total":1,"covered":0,"skipped":0,"pct":0}}
,"C:\\Users\\Adrian\\Downloads\\sprint8\\frontend\\blues-clues-hris-frontend-web\\src\\components\\layout\\NotificationBell.tsx": {"lines":{"total":229,"covered":0,"skipped":0,"pct":0},"functions":{"total":1,"covered":0,"skipped":0,"pct":0},"statements":{"total":229,"covered":0,"skipped":0,"pct":0},"branches":{"total":1,"covered":0,"skipped":0,"pct":0}}
,"C:\\Users\\Adrian\\Downloads\\sprint8\\frontend\\blues-clues-hris-frontend-web\\src\\components\\layout\\Sidebar.tsx": {"lines":{"total":397,"covered":0,"skipped":0,"pct":0},"functions":{"total":1,"covered":0,"skipped":0,"pct":0},"statements":{"total":397,"covered":0,"skipped":0,"pct":0},"branches":{"total":1,"covered":0,"skipped":0,"pct":0}}
,"C:\\Users\\Adrian\\Downloads\\sprint8\\frontend\\blues-clues-hris-frontend-web\\src\\components\\layout\\Topbar.tsx": {"lines":{"total":186,"covered":0,"skipped":0,"pct":0},"functions":{"total":1,"covered":0,"skipped":0,"pct":0},"statements":{"total":186,"covered":0,"skipped":0,"pct":0},"branches":{"total":1,"covered":0,"skipped":0,"pct":0}}
,"C:\\Users\\Adrian\\Downloads\\sprint8\\frontend\\blues-clues-hris-frontend-web\\src\\components\\modals\\RejectionReasonModal.tsx": {"lines":{"total":177,"covered":0,"skipped":0,"pct":0},"functions":{"total":1,"covered":0,"skipped":0,"pct":0},"statements":{"total":177,"covered":0,"skipped":0,"pct":0},"branches":{"total":1,"covered":0,"skipped":0,"pct":0}}
,"C:\\Users\\Adrian\\Downloads\\sprint8\\frontend\\blues-clues-hris-frontend-web\\src\\components\\onboarding\\CompletedScreen.tsx": {"lines":{"total":83,"covered":0,"skipped":0,"pct":0},"functions":{"total":1,"covered":0,"skipped":0,"pct":0},"statements":{"total":83,"covered":0,"skipped":0,"pct":0},"branches":{"total":1,"covered":0,"skipped":0,"pct":0}}
,"C:\\Users\\Adrian\\Downloads\\sprint8\\frontend\\blues-clues-hris-frontend-web\\src\\components\\onboarding\\DocumentUpload.tsx": {"lines":{"total":364,"covered":0,"skipped":0,"pct":0},"functions":{"total":1,"covered":0,"skipped":0,"pct":0},"statements":{"total":364,"covered":0,"skipped":0,"pct":0},"branches":{"total":1,"covered":0,"skipped":0,"pct":0}}
,"C:\\Users\\Adrian\\Downloads\\sprint8\\frontend\\blues-clues-hris-frontend-web\\src\\components\\onboarding\\EquipmentRequest.tsx": {"lines":{"total":457,"covered":0,"skipped":0,"pct":0},"functions":{"total":1,"covered":0,"skipped":0,"pct":0},"statements":{"total":457,"covered":0,"skipped":0,"pct":0},"branches":{"total":1,"covered":0,"skipped":0,"pct":0}}
,"C:\\Users\\Adrian\\Downloads\\sprint8\\frontend\\blues-clues-hris-frontend-web\\src\\components\\onboarding\\HRForms.tsx": {"lines":{"total":316,"covered":0,"skipped":0,"pct":0},"functions":{"total":1,"covered":0,"skipped":0,"pct":0},"statements":{"total":316,"covered":0,"skipped":0,"pct":0},"branches":{"total":1,"covered":0,"skipped":0,"pct":0}}
,"C:\\Users\\Adrian\\Downloads\\sprint8\\frontend\\blues-clues-hris-frontend-web\\src\\components\\onboarding\\HROnboardingOfficerView.tsx": {"lines":{"total":1321,"covered":0,"skipped":0,"pct":0},"functions":{"total":1,"covered":0,"skipped":0,"pct":0},"statements":{"total":1321,"covered":0,"skipped":0,"pct":0},"branches":{"total":1,"covered":0,"skipped":0,"pct":0}}
,"C:\\Users\\Adrian\\Downloads\\sprint8\\frontend\\blues-clues-hris-frontend-web\\src\\components\\onboarding\\HRPendingDocumentsView.tsx": {"lines":{"total":226,"covered":0,"skipped":0,"pct":0},"functions":{"total":1,"covered":0,"skipped":0,"pct":0},"statements":{"total":226,"covered":0,"skipped":0,"pct":0},"branches":{"total":1,"covered":0,"skipped":0,"pct":0}}
,"C:\\Users\\Adrian\\Downloads\\sprint8\\frontend\\blues-clues-hris-frontend-web\\src\\components\\onboarding\\HRProfileChangeRequestsView.tsx": {"lines":{"total":292,"covered":0,"skipped":0,"pct":0},"functions":{"total":1,"covered":0,"skipped":0,"pct":0},"statements":{"total":292,"covered":0,"skipped":0,"pct":0},"branches":{"total":1,"covered":0,"skipped":0,"pct":0}}
,"C:\\Users\\Adrian\\Downloads\\sprint8\\frontend\\blues-clues-hris-frontend-web\\src\\components\\onboarding\\HRRecruitmentOnboardingView.tsx": {"lines":{"total":646,"covered":0,"skipped":0,"pct":0},"functions":{"total":1,"covered":0,"skipped":0,"pct":0},"statements":{"total":646,"covered":0,"skipped":0,"pct":0},"branches":{"total":1,"covered":0,"skipped":0,"pct":0}}
,"C:\\Users\\Adrian\\Downloads\\sprint8\\frontend\\blues-clues-hris-frontend-web\\src\\components\\onboarding\\NewHireApprovalForm.tsx": {"lines":{"total":790,"covered":0,"skipped":0,"pct":0},"functions":{"total":1,"covered":0,"skipped":0,"pct":0},"statements":{"total":790,"covered":0,"skipped":0,"pct":0},"branches":{"total":1,"covered":0,"skipped":0,"pct":0}}
,"C:\\Users\\Adrian\\Downloads\\sprint8\\frontend\\blues-clues-hris-frontend-web\\src\\components\\onboarding\\OnboardingProcess.tsx": {"lines":{"total":419,"covered":0,"skipped":0,"pct":0},"functions":{"total":1,"covered":0,"skipped":0,"pct":0},"statements":{"total":419,"covered":0,"skipped":0,"pct":0},"branches":{"total":1,"covered":0,"skipped":0,"pct":0}}
,"C:\\Users\\Adrian\\Downloads\\sprint8\\frontend\\blues-clues-hris-frontend-web\\src\\components\\onboarding\\ProfileSetup.tsx": {"lines":{"total":504,"covered":0,"skipped":0,"pct":0},"functions":{"total":1,"covered":0,"skipped":0,"pct":0},"statements":{"total":504,"covered":0,"skipped":0,"pct":0},"branches":{"total":1,"covered":0,"skipped":0,"pct":0}}
,"C:\\Users\\Adrian\\Downloads\\sprint8\\frontend\\blues-clues-hris-frontend-web\\src\\components\\onboarding\\ReviewScreen.tsx": {"lines":{"total":63,"covered":0,"skipped":0,"pct":0},"functions":{"total":1,"covered":0,"skipped":0,"pct":0},"statements":{"total":63,"covered":0,"skipped":0,"pct":0},"branches":{"total":1,"covered":0,"skipped":0,"pct":0}}
,"C:\\Users\\Adrian\\Downloads\\sprint8\\frontend\\blues-clues-hris-frontend-web\\src\\components\\onboarding\\SystemAdminView.tsx": {"lines":{"total":1029,"covered":0,"skipped":0,"pct":0},"functions":{"total":1,"covered":0,"skipped":0,"pct":0},"statements":{"total":1029,"covered":0,"skipped":0,"pct":0},"branches":{"total":1,"covered":0,"skipped":0,"pct":0}}
,"C:\\Users\\Adrian\\Downloads\\sprint8\\frontend\\blues-clues-hris-frontend-web\\src\\components\\onboarding\\TaskChecklist.tsx": {"lines":{"total":503,"covered":0,"skipped":0,"pct":0},"functions":{"total":1,"covered":0,"skipped":0,"pct":0},"statements":{"total":503,"covered":0,"skipped":0,"pct":0},"branches":{"total":1,"covered":0,"skipped":0,"pct":0}}
,"C:\\Users\\Adrian\\Downloads\\sprint8\\frontend\\blues-clues-hris-frontend-web\\src\\components\\onboarding\\VideoTrainingManager.tsx": {"lines":{"total":501,"covered":0,"skipped":0,"pct":0},"functions":{"total":1,"covered":0,"skipped":0,"pct":0},"statements":{"total":501,"covered":0,"skipped":0,"pct":0},"branches":{"total":1,"covered":0,"skipped":0,"pct":0}}
,"C:\\Users\\Adrian\\Downloads\\sprint8\\frontend\\blues-clues-hris-frontend-web\\src\\components\\onboarding\\VideoTrainingPlayer.tsx": {"lines":{"total":380,"covered":0,"skipped":0,"pct":0},"functions":{"total":1,"covered":0,"skipped":0,"pct":0},"statements":{"total":380,"covered":0,"skipped":0,"pct":0},"branches":{"total":1,"covered":0,"skipped":0,"pct":0}}
,"C:\\Users\\Adrian\\Downloads\\sprint8\\frontend\\blues-clues-hris-frontend-web\\src\\components\\onboarding\\WelcomeScreen.tsx": {"lines":{"total":82,"covered":0,"skipped":0,"pct":0},"functions":{"total":1,"covered":0,"skipped":0,"pct":0},"statements":{"total":82,"covered":0,"skipped":0,"pct":0},"branches":{"total":1,"covered":0,"skipped":0,"pct":0}}
,"C:\\Users\\Adrian\\Downloads\\sprint8\\frontend\\blues-clues-hris-frontend-web\\src\\components\\onboarding\\shared\\RemarksSection.tsx": {"lines":{"total":50,"covered":0,"skipped":0,"pct":0},"functions":{"total":1,"covered":0,"skipped":0,"pct":0},"statements":{"total":50,"covered":0,"skipped":0,"pct":0},"branches":{"total":1,"covered":0,"skipped":0,"pct":0}}
,"C:\\Users\\Adrian\\Downloads\\sprint8\\frontend\\blues-clues-hris-frontend-web\\src\\components\\onboarding\\shared\\StatusBadge.tsx": {"lines":{"total":83,"covered":0,"skipped":0,"pct":0},"functions":{"total":1,"covered":0,"skipped":0,"pct":0},"statements":{"total":83,"covered":0,"skipped":0,"pct":0},"branches":{"total":1,"covered":0,"skipped":0,"pct":0}}
,"C:\\Users\\Adrian\\Downloads\\sprint8\\frontend\\blues-clues-hris-frontend-web\\src\\components\\onboarding\\shared\\StatusIcon.tsx": {"lines":{"total":19,"covered":0,"skipped":0,"pct":0},"functions":{"total":1,"covered":0,"skipped":0,"pct":0},"statements":{"total":19,"covered":0,"skipped":0,"pct":0},"branches":{"total":1,"covered":0,"skipped":0,"pct":0}}
,"C:\\Users\\Adrian\\Downloads\\sprint8\\frontend\\blues-clues-hris-frontend-web\\src\\components\\onboarding\\shared\\utils.ts": {"lines":{"total":20,"covered":0,"skipped":0,"pct":0},"functions":{"total":1,"covered":0,"skipped":0,"pct":0},"statements":{"total":20,"covered":0,"skipped":0,"pct":0},"branches":{"total":1,"covered":0,"skipped":0,"pct":0}}
,"C:\\Users\\Adrian\\Downloads\\sprint8\\frontend\\blues-clues-hris-frontend-web\\src\\components\\payroll\\SelfPayslipsPage.tsx": {"lines":{"total":468,"covered":0,"skipped":0,"pct":0},"functions":{"total":1,"covered":0,"skipped":0,"pct":0},"statements":{"total":468,"covered":0,"skipped":0,"pct":0},"branches":{"total":1,"covered":0,"skipped":0,"pct":0}}
,"C:\\Users\\Adrian\\Downloads\\sprint8\\frontend\\blues-clues-hris-frontend-web\\src\\components\\payroll\\payslipPdf.ts": {"lines":{"total":343,"covered":0,"skipped":0,"pct":0},"functions":{"total":1,"covered":0,"skipped":0,"pct":0},"statements":{"total":343,"covered":0,"skipped":0,"pct":0},"branches":{"total":1,"covered":0,"skipped":0,"pct":0}}
,"C:\\Users\\Adrian\\Downloads\\sprint8\\frontend\\blues-clues-hris-frontend-web\\src\\components\\providers\\GoogleAuthProvider.tsx": {"lines":{"total":18,"covered":0,"skipped":0,"pct":0},"functions":{"total":1,"covered":0,"skipped":0,"pct":0},"statements":{"total":18,"covered":0,"skipped":0,"pct":0},"branches":{"total":1,"covered":0,"skipped":0,"pct":0}}
,"C:\\Users\\Adrian\\Downloads\\sprint8\\frontend\\blues-clues-hris-frontend-web\\src\\components\\security\\SecondaryAuthModal.tsx": {"lines":{"total":86,"covered":0,"skipped":0,"pct":0},"functions":{"total":1,"covered":0,"skipped":0,"pct":0},"statements":{"total":86,"covered":0,"skipped":0,"pct":0},"branches":{"total":1,"covered":0,"skipped":0,"pct":0}}
,"C:\\Users\\Adrian\\Downloads\\sprint8\\frontend\\blues-clues-hris-frontend-web\\src\\components\\super-admin\\ConfirmDialog.tsx": {"lines":{"total":62,"covered":0,"skipped":0,"pct":0},"functions":{"total":1,"covered":0,"skipped":0,"pct":0},"statements":{"total":62,"covered":0,"skipped":0,"pct":0},"branches":{"total":1,"covered":0,"skipped":0,"pct":0}}
,"C:\\Users\\Adrian\\Downloads\\sprint8\\frontend\\blues-clues-hris-frontend-web\\src\\components\\super-admin\\StatusBadge.tsx": {"lines":{"total":20,"covered":0,"skipped":0,"pct":0},"functions":{"total":1,"covered":0,"skipped":0,"pct":0},"statements":{"total":20,"covered":0,"skipped":0,"pct":0},"branches":{"total":1,"covered":0,"skipped":0,"pct":0}}
,"C:\\Users\\Adrian\\Downloads\\sprint8\\frontend\\blues-clues-hris-frontend-web\\src\\components\\timekeeping\\AttendanceCalendarGrid.tsx": {"lines":{"total":657,"covered":0,"skipped":0,"pct":0},"functions":{"total":1,"covered":0,"skipped":0,"pct":0},"statements":{"total":657,"covered":0,"skipped":0,"pct":0},"branches":{"total":1,"covered":0,"skipped":0,"pct":0}}
,"C:\\Users\\Adrian\\Downloads\\sprint8\\frontend\\blues-clues-hris-frontend-web\\src\\components\\timekeeping\\CompanyDefaultScheduleCard.tsx": {"lines":{"total":494,"covered":0,"skipped":0,"pct":0},"functions":{"total":1,"covered":0,"skipped":0,"pct":0},"statements":{"total":494,"covered":0,"skipped":0,"pct":0},"branches":{"total":1,"covered":0,"skipped":0,"pct":0}}
,"C:\\Users\\Adrian\\Downloads\\sprint8\\frontend\\blues-clues-hris-frontend-web\\src\\components\\timekeeping\\EmployeeScheduleEditModal.tsx": {"lines":{"total":830,"covered":0,"skipped":0,"pct":0},"functions":{"total":1,"covered":0,"skipped":0,"pct":0},"statements":{"total":830,"covered":0,"skipped":0,"pct":0},"branches":{"total":1,"covered":0,"skipped":0,"pct":0}}
,"C:\\Users\\Adrian\\Downloads\\sprint8\\frontend\\blues-clues-hris-frontend-web\\src\\components\\timekeeping\\FloatingDatePicker.tsx": {"lines":{"total":258,"covered":0,"skipped":0,"pct":0},"functions":{"total":1,"covered":0,"skipped":0,"pct":0},"statements":{"total":258,"covered":0,"skipped":0,"pct":0},"branches":{"total":1,"covered":0,"skipped":0,"pct":0}}
,"C:\\Users\\Adrian\\Downloads\\sprint8\\frontend\\blues-clues-hris-frontend-web\\src\\components\\timekeeping\\ScheduleManagementModal.tsx": {"lines":{"total":868,"covered":0,"skipped":0,"pct":0},"functions":{"total":1,"covered":0,"skipped":0,"pct":0},"statements":{"total":868,"covered":0,"skipped":0,"pct":0},"branches":{"total":1,"covered":0,"skipped":0,"pct":0}}
,"C:\\Users\\Adrian\\Downloads\\sprint8\\frontend\\blues-clues-hris-frontend-web\\src\\components\\timekeeping\\ScheduleRosterTable.tsx": {"lines":{"total":799,"covered":0,"skipped":0,"pct":0},"functions":{"total":1,"covered":0,"skipped":0,"pct":0},"statements":{"total":799,"covered":0,"skipped":0,"pct":0},"branches":{"total":1,"covered":0,"skipped":0,"pct":0}}
,"C:\\Users\\Adrian\\Downloads\\sprint8\\frontend\\blues-clues-hris-frontend-web\\src\\components\\timekeeping\\StatusBadge.tsx": {"lines":{"total":19,"covered":0,"skipped":0,"pct":0},"functions":{"total":1,"covered":0,"skipped":0,"pct":0},"statements":{"total":19,"covered":0,"skipped":0,"pct":0},"branches":{"total":1,"covered":0,"skipped":0,"pct":0}}
,"C:\\Users\\Adrian\\Downloads\\sprint8\\frontend\\blues-clues-hris-frontend-web\\src\\components\\timekeeping\\TimekeepingCards.tsx": {"lines":{"total":101,"covered":0,"skipped":0,"pct":0},"functions":{"total":1,"covered":0,"skipped":0,"pct":0},"statements":{"total":101,"covered":0,"skipped":0,"pct":0},"branches":{"total":1,"covered":0,"skipped":0,"pct":0}}
,"C:\\Users\\Adrian\\Downloads\\sprint8\\frontend\\blues-clues-hris-frontend-web\\src\\components\\timekeeping\\TimekeepingHeader.tsx": {"lines":{"total":146,"covered":0,"skipped":0,"pct":0},"functions":{"total":1,"covered":0,"skipped":0,"pct":0},"statements":{"total":146,"covered":0,"skipped":0,"pct":0},"branches":{"total":1,"covered":0,"skipped":0,"pct":0}}
,"C:\\Users\\Adrian\\Downloads\\sprint8\\frontend\\blues-clues-hris-frontend-web\\src\\components\\ui\\alert-dialog.tsx": {"lines":{"total":196,"covered":0,"skipped":0,"pct":0},"functions":{"total":1,"covered":0,"skipped":0,"pct":0},"statements":{"total":196,"covered":0,"skipped":0,"pct":0},"branches":{"total":1,"covered":0,"skipped":0,"pct":0}}
,"C:\\Users\\Adrian\\Downloads\\sprint8\\frontend\\blues-clues-hris-frontend-web\\src\\components\\ui\\alert.tsx": {"lines":{"total":66,"covered":0,"skipped":0,"pct":0},"functions":{"total":1,"covered":0,"skipped":0,"pct":0},"statements":{"total":66,"covered":0,"skipped":0,"pct":0},"branches":{"total":1,"covered":0,"skipped":0,"pct":0}}
,"C:\\Users\\Adrian\\Downloads\\sprint8\\frontend\\blues-clues-hris-frontend-web\\src\\components\\ui\\badge.tsx": {"lines":{"total":48,"covered":0,"skipped":0,"pct":0},"functions":{"total":1,"covered":0,"skipped":0,"pct":0},"statements":{"total":48,"covered":0,"skipped":0,"pct":0},"branches":{"total":1,"covered":0,"skipped":0,"pct":0}}
,"C:\\Users\\Adrian\\Downloads\\sprint8\\frontend\\blues-clues-hris-frontend-web\\src\\components\\ui\\button.tsx": {"lines":{"total":64,"covered":0,"skipped":0,"pct":0},"functions":{"total":1,"covered":0,"skipped":0,"pct":0},"statements":{"total":64,"covered":0,"skipped":0,"pct":0},"branches":{"total":1,"covered":0,"skipped":0,"pct":0}}
,"C:\\Users\\Adrian\\Downloads\\sprint8\\frontend\\blues-clues-hris-frontend-web\\src\\components\\ui\\card.tsx": {"lines":{"total":92,"covered":0,"skipped":0,"pct":0},"functions":{"total":1,"covered":0,"skipped":0,"pct":0},"statements":{"total":92,"covered":0,"skipped":0,"pct":0},"branches":{"total":1,"covered":0,"skipped":0,"pct":0}}
,"C:\\Users\\Adrian\\Downloads\\sprint8\\frontend\\blues-clues-hris-frontend-web\\src\\components\\ui\\checkbox.tsx": {"lines":{"total":32,"covered":0,"skipped":0,"pct":0},"functions":{"total":1,"covered":0,"skipped":0,"pct":0},"statements":{"total":32,"covered":0,"skipped":0,"pct":0},"branches":{"total":1,"covered":0,"skipped":0,"pct":0}}
,"C:\\Users\\Adrian\\Downloads\\sprint8\\frontend\\blues-clues-hris-frontend-web\\src\\components\\ui\\date-of-birth-picker.tsx": {"lines":{"total":163,"covered":0,"skipped":0,"pct":0},"functions":{"total":1,"covered":0,"skipped":0,"pct":0},"statements":{"total":163,"covered":0,"skipped":0,"pct":0},"branches":{"total":1,"covered":0,"skipped":0,"pct":0}}
,"C:\\Users\\Adrian\\Downloads\\sprint8\\frontend\\blues-clues-hris-frontend-web\\src\\components\\ui\\dialog.tsx": {"lines":{"total":137,"covered":0,"skipped":0,"pct":0},"functions":{"total":1,"covered":0,"skipped":0,"pct":0},"statements":{"total":137,"covered":0,"skipped":0,"pct":0},"branches":{"total":1,"covered":0,"skipped":0,"pct":0}}
,"C:\\Users\\Adrian\\Downloads\\sprint8\\frontend\\blues-clues-hris-frontend-web\\src\\components\\ui\\dropdown-menu.tsx": {"lines":{"total":257,"covered":0,"skipped":0,"pct":0},"functions":{"total":1,"covered":0,"skipped":0,"pct":0},"statements":{"total":257,"covered":0,"skipped":0,"pct":0},"branches":{"total":1,"covered":0,"skipped":0,"pct":0}}
,"C:\\Users\\Adrian\\Downloads\\sprint8\\frontend\\blues-clues-hris-frontend-web\\src\\components\\ui\\google-sign-in-button.tsx": {"lines":{"total":41,"covered":0,"skipped":0,"pct":0},"functions":{"total":1,"covered":0,"skipped":0,"pct":0},"statements":{"total":41,"covered":0,"skipped":0,"pct":0},"branches":{"total":1,"covered":0,"skipped":0,"pct":0}}
,"C:\\Users\\Adrian\\Downloads\\sprint8\\frontend\\blues-clues-hris-frontend-web\\src\\components\\ui\\input.tsx": {"lines":{"total":21,"covered":0,"skipped":0,"pct":0},"functions":{"total":1,"covered":0,"skipped":0,"pct":0},"statements":{"total":21,"covered":0,"skipped":0,"pct":0},"branches":{"total":1,"covered":0,"skipped":0,"pct":0}}
,"C:\\Users\\Adrian\\Downloads\\sprint8\\frontend\\blues-clues-hris-frontend-web\\src\\components\\ui\\label.tsx": {"lines":{"total":24,"covered":0,"skipped":0,"pct":0},"functions":{"total":1,"covered":0,"skipped":0,"pct":0},"statements":{"total":24,"covered":0,"skipped":0,"pct":0},"branches":{"total":1,"covered":0,"skipped":0,"pct":0}}
,"C:\\Users\\Adrian\\Downloads\\sprint8\\frontend\\blues-clues-hris-frontend-web\\src\\components\\ui\\password-input.tsx": {"lines":{"total":38,"covered":0,"skipped":0,"pct":0},"functions":{"total":1,"covered":0,"skipped":0,"pct":0},"statements":{"total":38,"covered":0,"skipped":0,"pct":0},"branches":{"total":1,"covered":0,"skipped":0,"pct":0}}
,"C:\\Users\\Adrian\\Downloads\\sprint8\\frontend\\blues-clues-hris-frontend-web\\src\\components\\ui\\progress.tsx": {"lines":{"total":31,"covered":0,"skipped":0,"pct":0},"functions":{"total":1,"covered":0,"skipped":0,"pct":0},"statements":{"total":31,"covered":0,"skipped":0,"pct":0},"branches":{"total":1,"covered":0,"skipped":0,"pct":0}}
,"C:\\Users\\Adrian\\Downloads\\sprint8\\frontend\\blues-clues-hris-frontend-web\\src\\components\\ui\\scroll-area.tsx": {"lines":{"total":58,"covered":0,"skipped":0,"pct":0},"functions":{"total":1,"covered":0,"skipped":0,"pct":0},"statements":{"total":58,"covered":0,"skipped":0,"pct":0},"branches":{"total":1,"covered":0,"skipped":0,"pct":0}}
,"C:\\Users\\Adrian\\Downloads\\sprint8\\frontend\\blues-clues-hris-frontend-web\\src\\components\\ui\\select.tsx": {"lines":{"total":189,"covered":0,"skipped":0,"pct":0},"functions":{"total":1,"covered":0,"skipped":0,"pct":0},"statements":{"total":189,"covered":0,"skipped":0,"pct":0},"branches":{"total":1,"covered":0,"skipped":0,"pct":0}}
,"C:\\Users\\Adrian\\Downloads\\sprint8\\frontend\\blues-clues-hris-frontend-web\\src\\components\\ui\\sonner.tsx": {"lines":{"total":52,"covered":0,"skipped":0,"pct":0},"functions":{"total":1,"covered":0,"skipped":0,"pct":0},"statements":{"total":52,"covered":0,"skipped":0,"pct":0},"branches":{"total":1,"covered":0,"skipped":0,"pct":0}}
,"C:\\Users\\Adrian\\Downloads\\sprint8\\frontend\\blues-clues-hris-frontend-web\\src\\components\\ui\\table.tsx": {"lines":{"total":116,"covered":0,"skipped":0,"pct":0},"functions":{"total":1,"covered":0,"skipped":0,"pct":0},"statements":{"total":116,"covered":0,"skipped":0,"pct":0},"branches":{"total":1,"covered":0,"skipped":0,"pct":0}}
,"C:\\Users\\Adrian\\Downloads\\sprint8\\frontend\\blues-clues-hris-frontend-web\\src\\components\\ui\\tabs.tsx": {"lines":{"total":66,"covered":0,"skipped":0,"pct":0},"functions":{"total":1,"covered":0,"skipped":0,"pct":0},"statements":{"total":66,"covered":0,"skipped":0,"pct":0},"branches":{"total":1,"covered":0,"skipped":0,"pct":0}}
,"C:\\Users\\Adrian\\Downloads\\sprint8\\frontend\\blues-clues-hris-frontend-web\\src\\components\\ui\\textarea.tsx": {"lines":{"total":20,"covered":0,"skipped":0,"pct":0},"functions":{"total":1,"covered":0,"skipped":0,"pct":0},"statements":{"total":20,"covered":0,"skipped":0,"pct":0},"branches":{"total":1,"covered":0,"skipped":0,"pct":0}}
,"C:\\Users\\Adrian\\Downloads\\sprint8\\frontend\\blues-clues-hris-frontend-web\\src\\data\\mockData.ts": {"lines":{"total":411,"covered":0,"skipped":0,"pct":0},"functions":{"total":1,"covered":0,"skipped":0,"pct":0},"statements":{"total":411,"covered":0,"skipped":0,"pct":0},"branches":{"total":1,"covered":0,"skipped":0,"pct":0}}
,"C:\\Users\\Adrian\\Downloads\\sprint8\\frontend\\blues-clues-hris-frontend-web\\src\\lib\\adminApi.ts": {"lines":{"total":294,"covered":0,"skipped":0,"pct":0},"functions":{"total":1,"covered":0,"skipped":0,"pct":0},"statements":{"total":294,"covered":0,"skipped":0,"pct":0},"branches":{"total":1,"covered":0,"skipped":0,"pct":0}}
,"C:\\Users\\Adrian\\Downloads\\sprint8\\frontend\\blues-clues-hris-frontend-web\\src\\lib\\api.ts": {"lines":{"total":6,"covered":0,"skipped":0,"pct":0},"functions":{"total":1,"covered":0,"skipped":0,"pct":0},"statements":{"total":6,"covered":0,"skipped":0,"pct":0},"branches":{"total":1,"covered":0,"skipped":0,"pct":0}}
,"C:\\Users\\Adrian\\Downloads\\sprint8\\frontend\\blues-clues-hris-frontend-web\\src\\lib\\authApi.ts": {"lines":{"total":1206,"covered":0,"skipped":0,"pct":0},"functions":{"total":1,"covered":0,"skipped":0,"pct":0},"statements":{"total":1206,"covered":0,"skipped":0,"pct":0},"branches":{"total":1,"covered":0,"skipped":0,"pct":0}}
,"C:\\Users\\Adrian\\Downloads\\sprint8\\frontend\\blues-clues-hris-frontend-web\\src\\lib\\authStorage.ts": {"lines":{"total":101,"covered":0,"skipped":0,"pct":0},"functions":{"total":1,"covered":0,"skipped":0,"pct":0},"statements":{"total":101,"covered":0,"skipped":0,"pct":0},"branches":{"total":1,"covered":0,"skipped":0,"pct":0}}
,"C:\\Users\\Adrian\\Downloads\\sprint8\\frontend\\blues-clues-hris-frontend-web\\src\\lib\\candidateApi.ts": {"lines":{"total":128,"covered":0,"skipped":0,"pct":0},"functions":{"total":1,"covered":0,"skipped":0,"pct":0},"statements":{"total":128,"covered":0,"skipped":0,"pct":0},"branches":{"total":1,"covered":0,"skipped":0,"pct":0}}
,"C:\\Users\\Adrian\\Downloads\\sprint8\\frontend\\blues-clues-hris-frontend-web\\src\\lib\\changeRequestApi.ts": {"lines":{"total":72,"covered":0,"skipped":0,"pct":0},"functions":{"total":1,"covered":0,"skipped":0,"pct":0},"statements":{"total":72,"covered":0,"skipped":0,"pct":0},"branches":{"total":1,"covered":0,"skipped":0,"pct":0}}
,"C:\\Users\\Adrian\\Downloads\\sprint8\\frontend\\blues-clues-hris-frontend-web\\src\\lib\\cnbAdminApi.ts": {"lines":{"total":109,"covered":0,"skipped":0,"pct":0},"functions":{"total":1,"covered":0,"skipped":0,"pct":0},"statements":{"total":109,"covered":0,"skipped":0,"pct":0},"branches":{"total":1,"covered":0,"skipped":0,"pct":0}}
,"C:\\Users\\Adrian\\Downloads\\sprint8\\frontend\\blues-clues-hris-frontend-web\\src\\lib\\hrDirectoryApi.ts": {"lines":{"total":67,"covered":0,"skipped":0,"pct":0},"functions":{"total":1,"covered":0,"skipped":0,"pct":0},"statements":{"total":67,"covered":0,"skipped":0,"pct":0},"branches":{"total":1,"covered":0,"skipped":0,"pct":0}}
,"C:\\Users\\Adrian\\Downloads\\sprint8\\frontend\\blues-clues-hris-frontend-web\\src\\lib\\hrRoleAccess.ts": {"lines":{"total":115,"covered":0,"skipped":0,"pct":0},"functions":{"total":1,"covered":0,"skipped":0,"pct":0},"statements":{"total":115,"covered":0,"skipped":0,"pct":0},"branches":{"total":1,"covered":0,"skipped":0,"pct":0}}
,"C:\\Users\\Adrian\\Downloads\\sprint8\\frontend\\blues-clues-hris-frontend-web\\src\\lib\\leaveCategories.ts": {"lines":{"total":14,"covered":0,"skipped":0,"pct":0},"functions":{"total":1,"covered":0,"skipped":0,"pct":0},"statements":{"total":14,"covered":0,"skipped":0,"pct":0},"branches":{"total":1,"covered":0,"skipped":0,"pct":0}}
,"C:\\Users\\Adrian\\Downloads\\sprint8\\frontend\\blues-clues-hris-frontend-web\\src\\lib\\notificationsApi.ts": {"lines":{"total":39,"covered":0,"skipped":0,"pct":0},"functions":{"total":1,"covered":0,"skipped":0,"pct":0},"statements":{"total":39,"covered":0,"skipped":0,"pct":0},"branches":{"total":1,"covered":0,"skipped":0,"pct":0}}
,"C:\\Users\\Adrian\\Downloads\\sprint8\\frontend\\blues-clues-hris-frontend-web\\src\\lib\\offboardingApi.ts": {"lines":{"total":653,"covered":0,"skipped":0,"pct":0},"functions":{"total":1,"covered":0,"skipped":0,"pct":0},"statements":{"total":653,"covered":0,"skipped":0,"pct":0},"branches":{"total":1,"covered":0,"skipped":0,"pct":0}}
,"C:\\Users\\Adrian\\Downloads\\sprint8\\frontend\\blues-clues-hris-frontend-web\\src\\lib\\onboardingApi.ts": {"lines":{"total":403,"covered":0,"skipped":0,"pct":0},"functions":{"total":1,"covered":0,"skipped":0,"pct":0},"statements":{"total":403,"covered":0,"skipped":0,"pct":0},"branches":{"total":1,"covered":0,"skipped":0,"pct":0}}
,"C:\\Users\\Adrian\\Downloads\\sprint8\\frontend\\blues-clues-hris-frontend-web\\src\\lib\\payrollApi.ts": {"lines":{"total":691,"covered":0,"skipped":0,"pct":0},"functions":{"total":1,"covered":0,"skipped":0,"pct":0},"statements":{"total":691,"covered":0,"skipped":0,"pct":0},"branches":{"total":1,"covered":0,"skipped":0,"pct":0}}
,"C:\\Users\\Adrian\\Downloads\\sprint8\\frontend\\blues-clues-hris-frontend-web\\src\\lib\\roleMap.ts": {"lines":{"total":64,"covered":0,"skipped":0,"pct":0},"functions":{"total":1,"covered":0,"skipped":0,"pct":0},"statements":{"total":64,"covered":0,"skipped":0,"pct":0},"branches":{"total":1,"covered":0,"skipped":0,"pct":0}}
,"C:\\Users\\Adrian\\Downloads\\sprint8\\frontend\\blues-clues-hris-frontend-web\\src\\lib\\securityApi.ts": {"lines":{"total":18,"covered":0,"skipped":0,"pct":0},"functions":{"total":1,"covered":0,"skipped":0,"pct":0},"statements":{"total":18,"covered":0,"skipped":0,"pct":0},"branches":{"total":1,"covered":0,"skipped":0,"pct":0}}
,"C:\\Users\\Adrian\\Downloads\\sprint8\\frontend\\blues-clues-hris-frontend-web\\src\\lib\\superAdminApi.ts": {"lines":{"total":25,"covered":0,"skipped":0,"pct":0},"functions":{"total":1,"covered":0,"skipped":0,"pct":0},"statements":{"total":25,"covered":0,"skipped":0,"pct":0},"branches":{"total":1,"covered":0,"skipped":0,"pct":0}}
,"C:\\Users\\Adrian\\Downloads\\sprint8\\frontend\\blues-clues-hris-frontend-web\\src\\lib\\superAdminAuth.ts": {"lines":{"total":12,"covered":0,"skipped":0,"pct":0},"functions":{"total":1,"covered":0,"skipped":0,"pct":0},"statements":{"total":12,"covered":0,"skipped":0,"pct":0},"branches":{"total":1,"covered":0,"skipped":0,"pct":0}}
,"C:\\Users\\Adrian\\Downloads\\sprint8\\frontend\\blues-clues-hris-frontend-web\\src\\lib\\timekeepingUtils.ts": {"lines":{"total":192,"covered":0,"skipped":0,"pct":0},"functions":{"total":1,"covered":0,"skipped":0,"pct":0},"statements":{"total":192,"covered":0,"skipped":0,"pct":0},"branches":{"total":1,"covered":0,"skipped":0,"pct":0}}
,"C:\\Users\\Adrian\\Downloads\\sprint8\\frontend\\blues-clues-hris-frontend-web\\src\\lib\\useIdleTimeout.ts": {"lines":{"total":38,"covered":0,"skipped":0,"pct":0},"functions":{"total":1,"covered":0,"skipped":0,"pct":0},"statements":{"total":38,"covered":0,"skipped":0,"pct":0},"branches":{"total":1,"covered":0,"skipped":0,"pct":0}}
,"C:\\Users\\Adrian\\Downloads\\sprint8\\frontend\\blues-clues-hris-frontend-web\\src\\lib\\useWelcomeToast.tsx": {"lines":{"total":42,"covered":0,"skipped":0,"pct":0},"functions":{"total":1,"covered":0,"skipped":0,"pct":0},"statements":{"total":42,"covered":0,"skipped":0,"pct":0},"branches":{"total":1,"covered":0,"skipped":0,"pct":0}}
,"C:\\Users\\Adrian\\Downloads\\sprint8\\frontend\\blues-clues-hris-frontend-web\\src\\lib\\utils.ts": {"lines":{"total":6,"covered":0,"skipped":0,"pct":0},"functions":{"total":1,"covered":0,"skipped":0,"pct":0},"statements":{"total":6,"covered":0,"skipped":0,"pct":0},"branches":{"total":1,"covered":0,"skipped":0,"pct":0}}
,"C:\\Users\\Adrian\\Downloads\\sprint8\\frontend\\blues-clues-hris-frontend-web\\src\\providers\\SuperAdminQueryProvider.tsx": {"lines":{"total":13,"covered":0,"skipped":0,"pct":0},"functions":{"total":1,"covered":0,"skipped":0,"pct":0},"statements":{"total":13,"covered":0,"skipped":0,"pct":0},"branches":{"total":1,"covered":0,"skipped":0,"pct":0}}
,"C:\\Users\\Adrian\\Downloads\\sprint8\\frontend\\blues-clues-hris-frontend-web\\src\\types\\onboarding.types.ts": {"lines":{"total":183,"covered":0,"skipped":0,"pct":0},"functions":{"total":1,"covered":0,"skipped":0,"pct":0},"statements":{"total":183,"covered":0,"skipped":0,"pct":0},"branches":{"total":1,"covered":0,"skipped":0,"pct":0}}
}
